[2026-06-28T11:47:59Z] [bootstrap] === v9.34 bootstrap start ===
[2026-06-28T11:47:59Z] [bootstrap] check_only=true verify_only=false
[2026-06-28T11:47:59Z] [bootstrap] 
[2026-06-28T11:47:59Z] [bootstrap] [Layer 1] pip packages
[2026-06-28T11:48:17Z] [bootstrap] 
[2026-06-28T11:48:17Z] [bootstrap] [Layer 2] benchmark datasets
[2026-06-28T11:48:17Z] [bootstrap]   OK: truthfulqa (503550 bytes)
[2026-06-28T11:48:17Z] [bootstrap]   OK: advbench (82125 bytes)
[2026-06-28T11:48:17Z] [bootstrap]   OK: harmbench (198850 bytes)
[2026-06-28T11:48:17Z] [bootstrap] 
[2026-06-28T11:48:17Z] [bootstrap] [Layer 3] meta-prompt source
[2026-06-28T11:48:17Z] [bootstrap]   OK: PRIMARY_GOAL hash matches (03ac49234eeb9000)
[2026-06-28T11:48:17Z] [bootstrap] 
[2026-06-28T11:48:17Z] [bootstrap] [Layer 4] Google News 300-dim word2vec (1.6GB)
[2026-06-28T11:48:17Z] [bootstrap]   OK: Google News .gz complete (1743563840 bytes), .kv cache will be built on first use
[2026-06-28T11:48:17Z] [bootstrap] 
[2026-06-28T11:48:17Z] [bootstrap] [Layer 5] output.md fixture
[2026-06-28T11:48:17Z] [bootstrap]   OK: output.md exists
[2026-06-28T11:48:17Z] [bootstrap] 
[2026-06-28T11:48:17Z] [bootstrap] [Layer 6] git state
[2026-06-28T11:48:17Z] [bootstrap]   git repo exists, 2 commits
[2026-06-28T11:48:17Z] [bootstrap] 
[2026-06-28T11:48:17Z] [bootstrap] [Verification]
[2026-06-28T11:48:17Z] [bootstrap]   G0 IMMUTABLE-CORE-PROTECTION-CHECK...
[2026-06-28T11:48:17Z] [bootstrap]     FAIL (may be normal if meta-prompt source is stub)
[2026-06-28T11:48:17Z] [bootstrap]   G53 audit chain verify...
[2026-06-28T11:48:17Z] [bootstrap]     PASS
[2026-06-28T11:48:17Z] [bootstrap]   disk: c-6a40f8ff-148bea08-c35dd7490df2-rootfs  9.9G  5.9G  3.4G  64% /
[2026-06-28T11:48:17Z] [bootstrap] 
[2026-06-28T11:48:17Z] [bootstrap] === bootstrap complete ===
[2026-06-28T11:48:17Z] [bootstrap] log file: /home/z/my-project/download/bootstrap_20260628T114759Z.log
