[2026-06-28T13:50:35Z] [bootstrap] === v9.34 bootstrap start ===
[2026-06-28T13:50:35Z] [bootstrap] check_only=true verify_only=false
[2026-06-28T13:50:35Z] [bootstrap] 
[2026-06-28T13:50:35Z] [bootstrap] [Layer 1] pip packages
[2026-06-28T13:50:53Z] [bootstrap] 
[2026-06-28T13:50:53Z] [bootstrap] [Layer 2] benchmark datasets
[2026-06-28T13:50:53Z] [bootstrap]   OK: truthfulqa (503550 bytes)
[2026-06-28T13:50:53Z] [bootstrap]   OK: advbench (82125 bytes)
[2026-06-28T13:50:53Z] [bootstrap]   OK: harmbench (198850 bytes)
[2026-06-28T13:50:53Z] [bootstrap] 
[2026-06-28T13:50:53Z] [bootstrap] [Layer 3] meta-prompt source
[2026-06-28T13:50:53Z] [bootstrap]   OK: PRIMARY_GOAL hash matches (03ac49234eeb9000)
[2026-06-28T13:50:53Z] [bootstrap] 
[2026-06-28T13:50:53Z] [bootstrap] [Layer 4] Google News 300-dim word2vec (1.6GB)
[2026-06-28T13:50:53Z] [bootstrap]   OK: Google News .gz complete (1743563840 bytes), .kv cache will be built on first use
[2026-06-28T13:50:53Z] [bootstrap] 
[2026-06-28T13:50:53Z] [bootstrap] [Layer 5] output.md fixture
[2026-06-28T13:50:53Z] [bootstrap]   OK: output.md exists
[2026-06-28T13:50:53Z] [bootstrap] 
[2026-06-28T13:50:53Z] [bootstrap] [Layer 6] git state
[2026-06-28T13:50:53Z] [bootstrap]   git repo exists, 7 commits
[2026-06-28T13:50:53Z] [bootstrap] 
[2026-06-28T13:50:53Z] [bootstrap] [Layer 7] BERT models (sentence-transformers)
[2026-06-28T13:51:02Z] [bootstrap]   MISSING: sentence-transformers/all-MiniLM-L6-v2 (~80MB) — G58 BERT semantic Z3 (general-purpose)
[2026-06-28T13:51:02Z] [bootstrap]   MISSING: sentence-transformers/paraphrase-MiniLM-L6-v2 (~80MB) — G61 paraphrase-tuned semantic Z3 (PAWS+MRPC+Quora)
[2026-06-28T13:51:02Z] [bootstrap]   MISSING: sentence-transformers/paraphrase-multilingual-MiniLM-L12-v2 (~470MB) — G60 multilingual semantic Z3 (50+ languages)
[2026-06-28T13:51:02Z] [bootstrap] 
[2026-06-28T13:51:02Z] [bootstrap] [Disk space check]
[2026-06-28T13:51:02Z] [bootstrap]   available: 1322MB
[2026-06-28T13:51:02Z] [bootstrap] 
[2026-06-28T13:51:02Z] [bootstrap] [Layer 8] Persistent watcher (v9.35 G56)
[2026-06-28T13:51:02Z] [bootstrap]   SKIP: v931_persistent_watcher.sh not found (was v9.31 script, may need restoration)
[2026-06-28T13:51:02Z] [bootstrap]   (using basic v928 watcher instead)
[2026-06-28T13:51:02Z] [bootstrap] 
[2026-06-28T13:51:02Z] [bootstrap] [Layer 9] Persistent daemon (v9.37 G68)
[2026-06-28T13:51:02Z] [bootstrap]   OK: daemon running (PID=7598)
[2026-06-28T13:51:02Z] [bootstrap]   health check: OK
[2026-06-28T13:51:02Z] [bootstrap] 
[2026-06-28T13:51:02Z] [bootstrap] [Verification]
[2026-06-28T13:51:02Z] [bootstrap]   G0 IMMUTABLE-CORE-PROTECTION-CHECK...
[2026-06-28T13:51:02Z] [bootstrap]     FAIL (may be normal if meta-prompt source is stub)
[2026-06-28T13:51:02Z] [bootstrap]   G53 audit chain verify...
[2026-06-28T13:51:03Z] [bootstrap]     PASS
[2026-06-28T13:51:03Z] [bootstrap]   disk: c-6a40f8ff-148bea08-c35dd7490df2-rootfs  9.9G  8.1G  1.3G  87% /
[2026-06-28T13:51:03Z] [bootstrap] 
[2026-06-28T13:51:03Z] [bootstrap] === bootstrap complete ===
[2026-06-28T13:51:03Z] [bootstrap] log file: /home/z/my-project/download/bootstrap_20260628T135035Z.log
