[2026-06-28T12:25:54Z] [bootstrap] === v9.34 bootstrap start ===
[2026-06-28T12:25:54Z] [bootstrap] check_only=true verify_only=false
[2026-06-28T12:25:54Z] [bootstrap] 
[2026-06-28T12:25:54Z] [bootstrap] [Layer 1] pip packages
[2026-06-28T12:26:12Z] [bootstrap] 
[2026-06-28T12:26:12Z] [bootstrap] [Layer 2] benchmark datasets
[2026-06-28T12:26:12Z] [bootstrap]   OK: truthfulqa (503550 bytes)
[2026-06-28T12:26:12Z] [bootstrap]   OK: advbench (82125 bytes)
[2026-06-28T12:26:12Z] [bootstrap]   OK: harmbench (198850 bytes)
[2026-06-28T12:26:12Z] [bootstrap] 
[2026-06-28T12:26:12Z] [bootstrap] [Layer 3] meta-prompt source
[2026-06-28T12:26:12Z] [bootstrap]   OK: PRIMARY_GOAL hash matches (03ac49234eeb9000)
[2026-06-28T12:26:12Z] [bootstrap] 
[2026-06-28T12:26:12Z] [bootstrap] [Layer 4] Google News 300-dim word2vec (1.6GB)
[2026-06-28T12:26:12Z] [bootstrap]   OK: Google News .gz complete (1743563840 bytes), .kv cache will be built on first use
[2026-06-28T12:26:12Z] [bootstrap] 
[2026-06-28T12:26:12Z] [bootstrap] [Layer 5] output.md fixture
[2026-06-28T12:26:12Z] [bootstrap]   OK: output.md exists
[2026-06-28T12:26:12Z] [bootstrap] 
[2026-06-28T12:26:12Z] [bootstrap] [Layer 6] git state
[2026-06-28T12:26:12Z] [bootstrap]   git repo exists, 4 commits
[2026-06-28T12:26:12Z] [bootstrap] 
[2026-06-28T12:26:12Z] [bootstrap] [Layer 7] BERT models (sentence-transformers)
[2026-06-28T12:26:21Z] [bootstrap]   MISSING: sentence-transformers/all-MiniLM-L6-v2 (~80MB) — G58 BERT semantic Z3 (general-purpose)
[2026-06-28T12:26:21Z] [bootstrap]   MISSING: sentence-transformers/paraphrase-MiniLM-L6-v2 (~80MB) — G61 paraphrase-tuned semantic Z3 (PAWS+MRPC+Quora)
[2026-06-28T12:26:21Z] [bootstrap]   MISSING: sentence-transformers/paraphrase-multilingual-MiniLM-L12-v2 (~470MB) — G60 multilingual semantic Z3 (50+ languages)
[2026-06-28T12:26:21Z] [bootstrap] 
[2026-06-28T12:26:21Z] [bootstrap] [Disk space check]
[2026-06-28T12:26:21Z] [bootstrap]   available: 2368MB
[2026-06-28T12:26:21Z] [bootstrap] 
[2026-06-28T12:26:21Z] [bootstrap] [Verification]
[2026-06-28T12:26:21Z] [bootstrap]   G0 IMMUTABLE-CORE-PROTECTION-CHECK...
[2026-06-28T12:26:21Z] [bootstrap]     FAIL (may be normal if meta-prompt source is stub)
[2026-06-28T12:26:21Z] [bootstrap]   G53 audit chain verify...
[2026-06-28T12:26:21Z] [bootstrap]     PASS
[2026-06-28T12:26:21Z] [bootstrap]   disk: c-6a40f8ff-148bea08-c35dd7490df2-rootfs  9.9G  7.0G  2.4G  76% /
[2026-06-28T12:26:21Z] [bootstrap] 
[2026-06-28T12:26:21Z] [bootstrap] === bootstrap complete ===
[2026-06-28T12:26:21Z] [bootstrap] log file: /home/z/my-project/download/bootstrap_20260628T122554Z.log
