[2026-06-28T13:29:07Z] v9.37 daemon starting...
[2026-06-28T13:29:07Z] daemon listening on /home/z/my-project/scripts/v937_daemon.sock, PID=6581
[2026-06-28T13:29:27Z] loading z3...
[2026-06-28T13:29:27Z]   z3 loaded: 4.16.0
[2026-06-28T13:29:51Z] loading BERT sentence-transformers/all-MiniLM-L6-v2...
[2026-06-28T13:30:04Z]   BERT loaded, dim=384
[2026-06-28T13:30:17Z] loading ruscorpora from /home/z/my-project/scripts/gensim_data/word2vec-ruscorpora-300.kv...
[2026-06-28T13:30:18Z]   ruscorpora loaded, vocab=184,973
[2026-06-28T13:31:16Z] loading BERT sentence-transformers/paraphrase-multilingual-MiniLM-L12-v2...
[2026-06-28T13:31:24Z]   BERT loaded, dim=384
[2026-06-28T13:31:24Z] loading BERT sentence-transformers/paraphrase-MiniLM-L6-v2...
[2026-06-28T13:31:29Z]   BERT loaded, dim=384
[2026-06-28T13:50:27Z] shutdown requested
[2026-06-28T13:50:27Z] daemon stopped
[2026-06-28T13:50:30Z] v9.37 daemon starting...
[2026-06-28T13:50:30Z] daemon listening on /home/z/my-project/scripts/v937_daemon.sock, PID=7598
[2026-06-28T13:51:45Z] loading z3...
[2026-06-28T13:51:45Z]   z3 loaded: 4.16.0
[2026-06-28T13:51:45Z] loading BERT sentence-transformers/all-MiniLM-L6-v2...
[2026-06-28T13:51:58Z]   BERT loaded, dim=384
[2026-06-28T14:16:45Z] loading BERT sentence-transformers/paraphrase-multilingual-MiniLM-L12-v2...
[2026-06-28T14:16:52Z]   BERT loaded, dim=384
[2026-06-28T14:16:53Z] loading BERT sentence-transformers/paraphrase-MiniLM-L6-v2...
[2026-06-28T14:16:57Z]   BERT loaded, dim=384
